<?xml version="1.0" encoding="UTF-8"?>
<!-- Generated by org.testng.reporters.JUnitReportReporter -->
<testsuite hostname="DESKTOP-8MBRH86" failures="0" tests="1" name="testCases.LoginTest" time="2.420" errors="0" timestamp="2023-03-05T00:03:04 BDT" skipped="0">
  <testcase classname="testCases.LoginTest" name="login" time="2.420"/>
  <system-out/>
</testsuite> <!-- testCases.LoginTest -->
